<?xml version="1.0" encoding="UTF-8"?>
<!-- Generated by org.testng.reporters.JUnitReportReporter -->
<testsuite skipped="0" hostname="DESKTOP-VSE91IF" name="org.cts.test.login.Java" tests="3" failures="0" timestamp="06 Aug 2021 19:09:25 GMT" time="15.981" errors="0">
  <testcase name="login" time="5.331" classname="org.cts.test.login.Java"/>
  <testcase name="login" time="5.241" classname="org.cts.test.login.Java"/>
  <testcase name="login" time="5.409" classname="org.cts.test.login.Java"/>
</testsuite> <!-- org.cts.test.login.Java -->
