<?xml version="1.0" encoding="UTF-8"?>
<!-- Generated by org.testng.reporters.JUnitReportReporter -->
<testsuite skipped="0" hostname="DESKTOP-VSE91IF" name="org.hcl.test.login.A" tests="1" failures="0" timestamp="04 Aug 2021 20:33:16 GMT" time="0.000" errors="0">
  <testcase name="test5" time="0.000" classname="org.hcl.test.login.A"/>
</testsuite> <!-- org.hcl.test.login.A -->
