<?xml version="1.0" encoding="UTF-8"?>
<!-- Generated by org.testng.reporters.JUnitReportReporter -->
<testsuite skipped="0" hostname="DESKTOP-VSE91IF" name="org.cts.test.login.Java1" tests="2" failures="0" timestamp="04 Aug 2021 20:33:16 GMT" time="0.002" errors="0">
  <testcase name="test3" time="0.001" classname="org.cts.test.login.Java1"/>
  <testcase name="test4" time="0.001" classname="org.cts.test.login.Java1"/>
</testsuite> <!-- org.cts.test.login.Java1 -->
