<?xml version="1.0" encoding="UTF-8"?>
<!-- Generated by org.testng.reporters.JUnitReportReporter -->
<testsuite skipped="0" hostname="DESKTOP-VSE91IF" name="org.hcl.test.login.b" tests="1" failures="0" timestamp="04 Aug 2021 20:33:16 GMT" time="0.001" errors="0">
  <testcase name="test7" time="0.001" classname="org.hcl.test.login.b"/>
</testsuite> <!-- org.hcl.test.login.b -->
